  stdafx.cpp
  TicTacToe.cpp
TicTacToe.cpp(33): warning C4018: '<': signed/unsigned mismatch
TicTacToe.cpp(34): warning C4018: '<': signed/unsigned mismatch
TicTacToe.cpp(35): warning C4018: '<': signed/unsigned mismatch
TicTacToe.cpp(42): warning C4018: '<': signed/unsigned mismatch
TicTacToe.cpp(43): warning C4018: '<': signed/unsigned mismatch
TicTacToe.cpp(47): warning C4018: '<': signed/unsigned mismatch
TicTacToe.cpp(57): warning C4018: '<': signed/unsigned mismatch
TicTacToe.cpp(63): warning C4018: '<': signed/unsigned mismatch
TicTacToe.cpp(74): warning C4018: '<': signed/unsigned mismatch
TicTacToe.cpp(75): warning C4018: '<': signed/unsigned mismatch
TicTacToe.cpp(87): warning C4018: '<': signed/unsigned mismatch
TicTacToe.cpp(90): warning C4018: '<': signed/unsigned mismatch
TicTacToe.cpp(93): warning C4018: '<': signed/unsigned mismatch
TicTacToe.cpp(94): warning C4018: '<': signed/unsigned mismatch
TicTacToe.cpp(104): warning C4018: '<': signed/unsigned mismatch
TicTacToe.cpp(107): warning C4018: '<': signed/unsigned mismatch
TicTacToe.cpp(110): warning C4018: '<': signed/unsigned mismatch
TicTacToe.cpp(111): warning C4018: '<': signed/unsigned mismatch
TicTacToe.cpp(125): warning C4018: '<': signed/unsigned mismatch
TicTacToe.cpp(136): warning C4018: '<': signed/unsigned mismatch
TicTacToe.cpp(137): warning C4018: '<': signed/unsigned mismatch
TicTacToe.cpp(151): warning C4018: '<': signed/unsigned mismatch
TicTacToe.cpp(154): warning C4018: '<': signed/unsigned mismatch
TicTacToe.cpp(157): warning C4018: '<': signed/unsigned mismatch
TicTacToe.cpp(158): warning C4018: '<': signed/unsigned mismatch
TicTacToe.cpp(168): warning C4018: '<': signed/unsigned mismatch
TicTacToe.cpp(171): warning C4018: '<': signed/unsigned mismatch
TicTacToe.cpp(174): warning C4018: '<': signed/unsigned mismatch
TicTacToe.cpp(175): warning C4018: '<': signed/unsigned mismatch
TicTacToe.cpp(189): warning C4018: '<': signed/unsigned mismatch
TicTacToe.cpp(200): warning C4018: '<': signed/unsigned mismatch
TicTacToe.cpp(201): warning C4018: '<': signed/unsigned mismatch
TicTacToe.cpp(222): warning C4018: '<': signed/unsigned mismatch
TicTacToe.cpp(223): warning C4018: '<': signed/unsigned mismatch
TicTacToe.cpp(253): warning C4018: '<': signed/unsigned mismatch
TicTacToe.cpp(254): warning C4018: '<': signed/unsigned mismatch
TicTacToe.cpp(286): warning C4018: '<': signed/unsigned mismatch
  Generating code
c:\users\jason\desktop\projects\2017 projects\tictactoe\tictactoe\tictactoe.cpp(277): warning C4715: 'bruteForce': not all control paths return a value
  All 271 functions were compiled because no usable IPDB/IOBJ from previous compilation was found.
  Finished generating code
  TicTacToe.vcxproj -> C:\Users\Jason\Desktop\Projects\2017 Projects\TicTacToe\Release\TicTacToe.exe
  TicTacToe.vcxproj -> C:\Users\Jason\Desktop\Projects\2017 Projects\TicTacToe\Release\TicTacToe.pdb (Full PDB)
